<?xml version="1.0" encoding="UTF-8"?>
<!-- Generated by org.testng.reporters.JUnitReportReporter -->
<testsuite skipped="0" hostname="HIPUNL68032" name="com.amz.qa.testcases.LoginPageTest" tests="1" failures="0" timestamp="10 Apr 2021 20:32:09 GMT" time="11.530" errors="0">
  <testcase name="loginTest" time="11.530" classname="com.amz.qa.testcases.LoginPageTest"/>
</testsuite> <!-- com.amz.qa.testcases.LoginPageTest -->
